18:49:33
Exception in thread Thread-1:
Traceback (most recent call last):
  File "/usr/lib/python2.7/threading.py", line 552, in __bootstrap_inner
    self.run()
  File "/usr/lib/python2.7/threading.py", line 505, in run
    self.__target(*self.__args, **self.__kwargs)
  File "/home/mlb/MLBell/bell.py", line 23, in playAudio
    pygame.mixer.music.load("/home/mlb/basebell/client/WAV/bell_1_5s.wav")
error: Couldn't open '/home/mlb/basebell/client/WAV/bell_1_5s.wav'

Exception in thread Thread-2:
Traceback (most recent call last):
  File "/usr/lib/python2.7/threading.py", line 552, in __bootstrap_inner
    self.run()
  File "/usr/lib/python2.7/threading.py", line 505, in run
    self.__target(*self.__args, **self.__kwargs)
  File "/home/mlb/MLBell/bell.py", line 36, in moveBell
    pi.set_mode(SERVO, pigpio.OUTPUT) # Set gpio as an output.
  File "/usr/local/lib/python2.7/dist-packages/pigpio.py", line 949, in set_mode
    return _u2i(_pigpio_command(self.sl, _PI_CMD_MODES, gpio, mode))
  File "/usr/local/lib/python2.7/dist-packages/pigpio.py", line 757, in _pigpio_command
    sl.s.send(struct.pack('IIII', cmd, p1, p2, 0))
AttributeError: 'NoneType' object has no attribute 'send'

Exception in thread Thread-3:
Traceback (most recent call last):
  File "/usr/lib/python2.7/threading.py", line 552, in __bootstrap_inner
    self.run()
  File "/usr/lib/python2.7/threading.py", line 505, in run
    self.__target(*self.__args, **self.__kwargs)
  File "/home/mlb/MLBell/bell.py", line 13, in blinkLight
    led.write(25, 0) # set Pi's gpio 25 low
  File "/usr/local/lib/python2.7/dist-packages/pigpio.py", line 1034, in write
    return _u2i(_pigpio_command(self.sl, _PI_CMD_WRITE, gpio, level))
  File "/usr/local/lib/python2.7/dist-packages/pigpio.py", line 757, in _pigpio_command
    sl.s.send(struct.pack('IIII', cmd, p1, p2, 0))
AttributeError: 'NoneType' object has no attribute 'send'

1 TB game(s) today.
	TB vs COL at 2017/03/08 6:35 PM (ET) (In Progress).
Time [INNING]	TB R (HR)	COL R (HR)
18:49:36 [1]	    0 (0)	    0 (0)
Score:  ['0', '0', '0', '0']
Score:  ['0', '0', '0', '0']
Score:  ['0', '0', '0', '0']
Score:  ['0', '0', '0', '0']
Score:  ['0', '0', '0', '0']
Score:  ['0', '0', '0', '0']
Score:  ['0', '0', '0', '0']
Score:  ['0', '0', '0', '0']
Score:  ['0', '0', '0', '0']
Score:  ['0', '0', '0', '0']
Score:  ['0', '0', '0', '0']
Score:  ['1', '0', '0', '0']
Score:  ['1', '0', '0', '0']
Score:  ['1', '0', '0', '0']
Score:  ['1', '0', '0', '0']
Score:  ['1', '0', '0', '0']
Score:  ['1', '0', '0', '0']
Score:  ['1', '0', '0', '0']
Score:  ['1', '0', '0', '0']
Score:  ['1', '0', '0', '0']
Score:  ['1', '0', '0', '0']
Score:  ['1', '0', '0', '0']
Score:  ['1', '0', '0', '0']
Score:  ['1', '0', '0', '0']
Score:  ['1', '0', '0', '0']
Score:  ['1', '0', '0', '0']
Score:  ['1', '0', '0', '0']
Score:  ['1', '0', '0', '0']
Score:  ['1', '0', '0', '0']
Score:  ['1', '0', '0', '0']
Score:  ['1', '0', '0', '0']
Score:  ['1', '0', '0', '0']
Score:  ['1', '0', '0', '0']
Score:  ['1', '0', '0', '0']
Score:  ['1', '0', '0', '0']
Score:  ['1', '0', '0', '0']
Score:  ['1', '0', '0', '0']
Score:  ['1', '0', '0', '0']
Score:  ['1', '0', '0', '0']
Score:  ['1', '0', '0', '0']
Score:  ['1', '0', '0', '0']
Score:  ['1', '0', '0', '0']
Score:  ['1', '0', '0', '0']
Score:  ['1', '0', '0', '0']
Score:  ['1', '0', '0', '0']
Score:  ['1', '0', '0', '0']
Score:  ['1', '0', '0', '0']
Score:  ['1', '0', '0', '0']
Score:  ['1', '0', '0', '0']
Score:  ['1', '0', '0', '0']
Score:  ['1', '0', '0', '0']
Score:  ['1', '0', '0', '0']
Score:  ['1', '0', '0', '0']
Score:  ['1', '0', '0', '0']
Score:  ['1', '0', '0', '0']
Score:  ['1', '0', '0', '0']
Score:  ['1', '0', '0', '0']
Score:  ['1', '0', '0', '0']
Score:  ['1', '0', '0', '0']
Score:  ['1', '0', '0', '0']
Score:  ['1', '0', '0', '0']
Score:  ['1', '0', '0', '0']
Score:  ['1', '0', '0', '0']
Score:  ['1', '0', '0', '0']
Score:  ['1', '0', '0', '0']
Score:  ['1', '0', '0', '0']
Score:  ['1', '0', '0', '0']
Score:  ['1', '0', '0', '0']
Score:  ['1', '0', '0', '0']
Score:  ['1', '0', '0', '0']
Score:  ['1', '0', '0', '0']
Score:  ['1', '0', '0', '0']
Score:  ['1', '0', '0', '0']
Score:  ['1', '0', '0', '0']
Score:  ['1', '0', '0', '0']
Score:  ['1', '0', '0', '0']
Score:  ['1', '0', '0', '0']
Score:  ['1', '0', '0', '0']
Score:  ['1', '0', '0', '0']
Score:  ['1', '0', '0', '0']
Score:  ['1', '0', '0', '0']
Score:  ['1', '0', '0', '0']
Score:  ['1', '0', '0', '0']
Score:  ['1', '0', '0', '0']
Score:  ['1', '0', '0', '0']
Score:  ['1', '0', '0', '0']
Score:  ['1', '0', '0', '0']
Score:  ['1', '0', '0', '0']
Score:  ['1', '0', '0', '0']
Score:  ['1', '0', '0', '0']
Score:  ['1', '0', '0', '0']
Score:  ['1', '0', '0', '0']
Score:  ['1', '0', '0', '0']
Score:  ['1', '0', '0', '0']
Score:  ['1', '0', '0', '0']
Score:  ['1', '0', '0', '0']
Score:  ['1', '0', '0', '0']
Score:  ['3', '0', '0', '0']
Score:  ['3', '0', '0', '0']
Score:  ['3', '0', '0', '0']
Score:  ['3', '0', '0', '0']
%%%%%%%%%%%%%%%%%%%%%%%%%%%%%%%%%%%%%%%%%%%%%%%%%%%%%%%%%%%%
Can't connect to pigpio on localhost(8888)

Did you start the pigpio daemon? E.g. sudo pigpiod

Did you specify the correct Pi host/port in the environment
variables PIGPIO_ADDR/PIGPIO_PORT?
E.g. export PIGPIO_ADDR=soft, export PIGPIO_PORT=8888

Did you specify the correct Pi host/port in the
pigpio.pi() function? E.g. pigpio.pi('soft', 8888))
%%%%%%%%%%%%%%%%%%%%%%%%%%%%%%%%%%%%%%%%%%%%%%%%%%%%%%%%%%%%
%%%%%%%%%%%%%%%%%%%%%%%%%%%%%%%%%%%%%%%%%%%%%%%%%%%%%%%%%%%%
Can't connect to pigpio on localhost(8888)

Did you start the pigpio daemon? E.g. sudo pigpiod

Did you specify the correct Pi host/port in the environment
variables PIGPIO_ADDR/PIGPIO_PORT?
E.g. export PIGPIO_ADDR=soft, export PIGPIO_PORT=8888

Did you specify the correct Pi host/port in the
pigpio.pi() function? E.g. pigpio.pi('soft', 8888))
%%%%%%%%%%%%%%%%%%%%%%%%%%%%%%%%%%%%%%%%%%%%%%%%%%%%%%%%%%%%
Score:  ['5', '1', '0', '0']
Score:  ['5', '1', '0', '0']
Score:  ['5', '1', '0', '0']
Score:  ['5', '1', '0', '0']
Score:  ['5', '1', '0', '0']
Score:  ['5', '1', '0', '0']
Score:  ['5', '1', '0', '0']
Score:  ['5', '1', '0', '0']
Score:  ['5', '1', '0', '0']
Score:  ['5', '1', '0', '0']
Score:  ['5', '1', '0', '0']
Score:  ['5', '1', '0', '0']
Score:  ['5', '1', '0', '0']
Score:  ['5', '1', '0', '0']
Score:  ['5', '1', '0', '0']
Score:  ['5', '1', '0', '0']
Score:  ['5', '1', '0', '0']
Score:  ['5', '1', '0', '0']
Score:  ['5', '1', '0', '0']
Score:  ['5', '1', '0', '0']
Score:  ['5', '1', '0', '0']
Score:  ['5', '1', '0', '0']
Score:  ['5', '1', '0', '0']
Score:  ['5', '1', '0', '0']
Score:  ['5', '1', '0', '0']
Score:  ['5', '1', '0', '0']
Score:  ['5', '1', '0', '0']
Score:  ['5', '1', '0', '0']
Score:  ['5', '1', '0', '0']
Score:  ['5', '1', '0', '0']
Score:  ['5', '1', '0', '0']
Score:  ['5', '1', '0', '0']
Score:  ['5', '1', '0', '0']
Score:  ['5', '1', '0', '0']
Score:  ['5', '1', '0', '0']
Score:  ['5', '1', '0', '0']
Score:  ['5', '1', '0', '0']
Score:  ['5', '1', '0', '0']
Score:  ['5', '1', '0', '0']
Score:  ['5', '1', '0', '0']
Score:  ['5', '1', '0', '0']
Score:  ['5', '1', '0', '0']
Score:  ['5', '1', '0', '0']
Score:  ['5', '1', '0', '0']
Score:  ['5', '1', '1', '1']
Score:  ['5', '1', '1', '1']
Score:  ['5', '1', '1', '1']
Score:  ['5', '1', '1', '1']
Score:  ['5', '1', '1', '1']
Score:  ['5', '1', '1', '1']
Score:  ['5', '1', '1', '1']
Score:  ['5', '1', '1', '1']
Score:  ['5', '1', '1', '1']
Score:  ['5', '1', '1', '1']
Score:  ['5', '1', '1', '1']
Score:  ['5', '1', '1', '1']
Score:  ['5', '1', '1', '1']
Score:  ['5', '1', '1', '1']
Score:  ['5', '1', '1', '1']
Score:  ['5', '1', '1', '1']
Score:  ['5', '1', '1', '1']
Score:  ['5', '1', '1', '1']
Score:  ['5', '1', '1', '1']
Score:  ['5', '1', '1', '1']
Score:  ['5', '1', '1', '1']
Score:  ['5', '1', '1', '1']
Score:  ['5', '1', '1', '1']
Score:  ['5', '1', '1', '1']
Score:  ['5', '1', '1', '1']
Score:  ['5', '1', '1', '1']
Score:  ['5', '1', '1', '1']
Score:  ['5', '1', '1', '1']
Score:  ['5', '1', '1', '1']
Score:  ['5', '1', '1', '1']
Score:  ['5', '1', '1', '1']
Score:  ['5', '1', '1', '1']
Score:  ['5', '1', '1', '1']
Score:  ['5', '1', '1', '1']
Score:  ['5', '1', '1', '1']
Score:  ['5', '1', '1', '1']
Score:  ['5', '1', '1', '1']
Score:  ['5', '1', '1', '1']
Score:  ['5', '1', '1', '1']
Score:  ['5', '1', '1', '1']
Score:  ['5', '1', '1', '1']
Score:  ['5', '1', '1', '1']
Score:  ['5', '1', '1', '1']
Score:  ['5', '1', '1', '1']
Score:  ['5', '1', '1', '1']
Score:  ['5', '1', '1', '1']
Score:  ['5', '1', '1', '1']
Score:  ['5', '1', '1', '1']
Score:  ['5', '1', '1', '1']
Score:  ['5', '1', '1', '1']
Score:  ['5', '1', '1', '1']
Score:  ['5', '1', '1', '1']
Score:  ['5', '1', '1', '1']
Score:  ['5', '1', '1', '1']
Score:  ['5', '1', '1', '1']
Score:  ['5', '1', '1', '1']
Score:  ['5', '1', '1', '1']
Score:  ['5', '1', '1', '1']
Score:  ['5', '1', '1', '1']
Score:  ['5', '1', '1', '1']
Score:  ['5', '1', '1', '1']
Score:  ['5', '1', '1', '1']
Score:  ['5', '1', '1', '1']
Score:  ['5', '1', '1', '1']
Score:  ['5', '1', '1', '1']
Score:  ['5', '1', '1', '1']
Score:  ['5', '1', '1', '1']
Score:  ['5', '1', '1', '1']
Score:  ['5', '1', '1', '1']
Score:  ['5', '1', '1', '1']
Score:  ['5', '1', '1', '1']
Score:  ['5', '1', '1', '1']
Score:  ['5', '1', '1', '1']
Score:  ['5', '1', '1', '1']
Score:  ['5', '1', '1', '1']
Score:  ['5', '1', '1', '1']
Score:  ['5', '1', '1', '1']
Score:  ['5', '1', '1', '1']
Score:  ['5', '1', '1', '1']
Score:  ['5', '1', '1', '1']
Score:  ['5', '1', '1', '1']
Score:  ['5', '1', '1', '1']
Score:  ['5', '1', '1', '1']
Score:  ['5', '1', '2', '2']
Score:  ['5', '1', '2', '2']
Score:  ['5', '1', '2', '2']
Score:  ['5', '1', '2', '2']
Score:  ['5', '1', '2', '2']
Score:  ['5', '1', '2', '2']
Score:  ['5', '1', '2', '2']
Score:  ['5', '1', '2', '2']
Score:  ['5', '1', '2', '2']
Score:  ['5', '1', '2', '2']
Score:  ['5', '1', '2', '2']
Score:  ['5', '1', '2', '2']
Score:  ['5', '1', '2', '2']
Score:  ['5', '1', '2', '2']
Score:  ['5', '1', '2', '2']
Score:  ['5', '1', '2', '2']
Score:  ['5', '1', '2', '2']
Score:  ['5', '1', '2', '2']
Score:  ['5', '1', '2', '2']
Score:  ['5', '1', '2', '2']
Score:  ['5', '1', '2', '2']
Score:  ['5', '1', '2', '2']
Score:  ['5', '1', '2', '2']
Score:  ['5', '1', '2', '2']
Score:  ['5', '1', '2', '2']
Score:  ['5', '1', '2', '2']
Score:  ['5', '1', '2', '2']
Score:  ['5', '1', '2', '2']
Score:  ['5', '1', '2', '2']
Score:  ['5', '1', '2', '2']
Score:  ['5', '1', '2', '2']
Score:  ['5', '1', '2', '2']
Score:  ['5', '1', '2', '2']
Score:  ['5', '1', '2', '2']
Score:  ['5', '1', '2', '2']
Score:  ['5', '1', '2', '2']
Score:  ['5', '1', '2', '2']
Score:  ['5', '1', '2', '2']
Score:  ['5', '1', '2', '2']
Score:  ['5', '1', '2', '2']
Score:  ['5', '1', '2', '2']
Score:  ['5', '1', '2', '2']
Score:  ['5', '1', '2', '2']
Score:  ['5', '1', '2', '2']
Score:  ['5', '1', '2', '2']
Score:  ['5', '1', '2', '2']
Score:  ['5', '1', '2', '2']
Score:  ['5', '1', '2', '2']
Score:  ['5', '1', '2', '2']
Score:  ['5', '1', '2', '2']
Score:  ['5', '1', '2', '2']
Score:  ['5', '1', '2', '2']
Score:  ['5', '1', '2', '2']
Score:  ['5', '1', '2', '2']
Score:  ['5', '1', '2', '2']
Score:  ['5', '1', '2', '2']
Score:  ['5', '1', '2', '2']
Score:  ['5', '1', '2', '2']
Score:  ['5', '1', '2', '2']
Score:  ['5', '1', '2', '2']
Score:  ['5', '1', '2', '2']
Score:  ['5', '1', '2', '2']
Score:  ['5', '1', '2', '2']
Score:  ['5', '1', '2', '2']
Score:  ['5', '1', '2', '2']
Score:  ['5', '1', '2', '2']
Score:  ['5', '1', '2', '2']
Score:  ['5', '1', '2', '2']
Score:  ['5', '1', '2', '2']
Score:  ['5', '1', '2', '2']
Score:  ['5', '1', '2', '2']
Score:  ['5', '1', '2', '2']
Score:  ['5', '1', '2', '2']
Score:  ['5', '1', '2', '2']
Score:  ['5', '1', '2', '2']
Score:  ['5', '1', '2', '2']
Score:  ['5', '1', '2', '2']
Score:  ['5', '1', '2', '2']
Score:  ['5', '1', '2', '2']
Score:  ['5', '1', '2', '2']
Score:  ['5', '1', '2', '2']
Score:  ['5', '1', '2', '2']
Score:  ['5', '1', '2', '2']
Score:  ['5', '1', '2', '2']
Score:  ['5', '1', '2', '2']
Score:  ['5', '1', '2', '2']
Score:  ['5', '1', '2', '2']
Score:  ['5', '1', '2', '2']
Score:  ['5', '1', '2', '2']
Score:  ['5', '1', '2', '2']
Score:  ['5', '1', '2', '2']
Score:  ['5', '1', '2', '2']
Score:  ['5', '1', '2', '2']
Score:  ['5', '1', '2', '2']
Score:  ['5', '1', '2', '2']
Score:  ['5', '1', '2', '2']
Score:  ['5', '1', '2', '2']
Score:  ['5', '1', '2', '2']
Score:  ['5', '1', '2', '2']
Score:  ['5', '1', '2', '2']
Score:  ['5', '1', '2', '2']
Score:  ['5', '1', '2', '2']
Score:  ['5', '1', '2', '2']
Score:  ['5', '1', '2', '2']
Score:  ['5', '1', '2', '2']
Score:  ['5', '1', '2', '2']
Score:  ['5', '1', '2', '2']
Score:  ['5', '1', '2', '2']
Score:  ['5', '1', '2', '2']
Score:  ['5', '1', '2', '2']
update_game requests error HTTPConnectionPool(host='gd2.mlb.com', port=80): Read timed out. (read timeout=10)
